<?xml version="1.0" encoding="UTF-8"?>
<testsuite name="gremlins.SampleTest" tests="1" skipped="0" failures="0" errors="0" timestamp="2024-07-01T15:09:05" hostname="Jaydens-MacBook-Air-M2.local" time="0.001">
  <properties/>
  <testcase name="simpleTest()" classname="gremlins.SampleTest" time="0.001"/>
  <system-out><![CDATA[]]></system-out>
  <system-err><![CDATA[]]></system-err>
</testsuite>
